-----------
Initializing structure...
time for choose_chunkdivision = 8.98838e-05 s
Working in 3D dimensions.
Computational cell is 6 x 0.4 x 0.4 with resolution 100
     cylinder, center = (0,0,0)
          radius 0.04, height 0.05, axis (1, 0, 0)
          dielectric constant epsilon diagonal = (1,1,1)
subpixel-averaging is 50.6625% done, 3.96627 s remaining
subpixel-averaging is 50.6625% done, 3.97585 s remaining
subpixel-averaging is 50.6625% done, 4.00576 s remaining
time for set_epsilon = 13.1682 s
lorentzian susceptibility: frequency=20.29, gamma=2.419
lorentzian susceptibility: frequency=9.083, gamma=0.916
lorentzian susceptibility: frequency=8.185, gamma=0.065
lorentzian susceptibility: frequency=4.481, gamma=0.452
lorentzian susceptibility: frequency=0.816, gamma=3.886
drude susceptibility: frequency=1e-10, gamma=0.048
-----------

Elapsed run time = 14.3831 s
-----------
Initializing structure...
time for choose_chunkdivision = 0.00131822 s
Working in 3D dimensions.
Computational cell is 6 x 0.4 x 0.4 with resolution 100
     cylinder, center = (0,0,0)
          radius 0.04, height 0.05, axis (1, 0, 0)
          dielectric constant epsilon diagonal = (1,1,1)
subpixel-averaging is 50.6625% done, 3.97624 s remaining
subpixel-averaging is 50.6625% done, 3.91291 s remaining
subpixel-averaging is 50.6625% done, 3.99519 s remaining
time for set_epsilon = 13.0936 s
lorentzian susceptibility: frequency=20.29, gamma=2.419
lorentzian susceptibility: frequency=9.083, gamma=0.916
lorentzian susceptibility: frequency=8.185, gamma=0.065
lorentzian susceptibility: frequency=4.481, gamma=0.452
lorentzian susceptibility: frequency=0.816, gamma=3.886
drude susceptibility: frequency=1e-10, gamma=0.048
-----------

Elapsed run time = 14.3970 s
-----------
Initializing structure...
time for choose_chunkdivision = 0.00178695 s
Working in 3D dimensions.
Computational cell is 6 x 0.4 x 0.4 with resolution 100
     block, center = (0,0,0)
          size (6,0.4,0.4)
          axes (1,0,0), (0,1,0), (0,0,1)
          dielectric constant epsilon diagonal = (1,1,1)
time for set_epsilon = 5.84885 s
-----------
creating output file "./test-eps-000000000.h5"...
on time step 113 (time=0.565), 0.0354825 s/step
on time step 243 (time=1.215), 0.030969 s/step
on time step 338 (time=1.69), 0.042409 s/step
on time step 465 (time=2.325), 0.0316193 s/step
on time step 573 (time=2.865), 0.0370432 s/step
-----------
Initializing structure...
time for choose_chunkdivision = 0.000138998 s
Working in 3D dimensions.
Computational cell is 6 x 0.4 x 0.4 with resolution 100
     block, center = (0,0,0)
          size (6,0.4,0.4)
          axes (1,0,0), (0,1,0), (0,0,1)
          dielectric constant epsilon diagonal = (1,1,1)
time for set_epsilon = 5.60107 s
-----------
creating output file "./test-eps-000000000.h5"...
on time step 165 (time=0.825), 0.024251 s/step
on time step 377 (time=1.885), 0.0189084 s/step
on time step 591 (time=2.955), 0.0187206 s/step
on time step 804 (time=4.02), 0.0188071 s/step
on time step 1048 (time=5.24), 0.016437 s/step
on time step 1305 (time=6.525), 0.0156066 s/step
on time step 1572 (time=7.86), 0.0150304 s/step
on time step 1836 (time=9.18), 0.0151634 s/step
on time step 2105 (time=10.525), 0.0148808 s/step
on time step 2376 (time=11.88), 0.0147922 s/step
on time step 2646 (time=13.23), 0.0148619 s/step
on time step 2916 (time=14.58), 0.0149104 s/step
on time step 3181 (time=15.905), 0.0151282 s/step
on time step 3451 (time=17.255), 0.0148285 s/step
on time step 3709 (time=18.545), 0.0155159 s/step
on time step 3966 (time=19.83), 0.0156074 s/step
on time step 4226 (time=21.13), 0.0154083 s/step
on time step 4495 (time=22.475), 0.0148985 s/step
on time step 4761 (time=23.805), 0.015055 s/step
on time step 5030 (time=25.15), 0.0148725 s/step
on time step 5296 (time=26.48), 0.0150496 s/step
on time step 5568 (time=27.84), 0.0147551 s/step
on time step 5839 (time=29.195), 0.0148003 s/step
on time step 6113 (time=30.565), 0.014602 s/step
on time step 6383 (time=31.915), 0.0148371 s/step
on time step 6652 (time=33.26), 0.014897 s/step
on time step 6920 (time=34.6), 0.0149421 s/step
on time step 7188 (time=35.94), 0.0149688 s/step
on time step 7455 (time=37.275), 0.0149921 s/step
on time step 7719 (time=38.595), 0.0151647 s/step
on time step 7984 (time=39.92), 0.015131 s/step
on time step 8249 (time=41.245), 0.0151022 s/step
on time step 8516 (time=42.58), 0.015004 s/step
on time step 8784 (time=43.92), 0.0149374 s/step
on time step 9057 (time=45.285), 0.0146807 s/step
on time step 9326 (time=46.63), 0.0148735 s/step
on time step 9597 (time=47.985), 0.0147637 s/step
on time step 9865 (time=49.325), 0.0149843 s/step
field decay(t = 50.005): 0.24899918973668697 / 0.24899918973668697 = 1.0
on time step 10135 (time=50.675), 0.0148439 s/step
on time step 10404 (time=52.02), 0.0148934 s/step
on time step 10674 (time=53.37), 0.0148346 s/step
on time step 10943 (time=54.715), 0.0148867 s/step
on time step 11207 (time=56.035), 0.0151785 s/step
on time step 11477 (time=57.385), 0.0148383 s/step
on time step 11745 (time=58.725), 0.0149615 s/step
on time step 12015 (time=60.075), 0.0148548 s/step
on time step 12283 (time=61.415), 0.0149413 s/step
on time step 12554 (time=62.77), 0.014805 s/step
on time step 12822 (time=64.11), 0.0149426 s/step
on time step 13096 (time=65.48), 0.0146124 s/step
on time step 13364 (time=66.82), 0.0149323 s/step
on time step 13637 (time=68.185), 0.0146526 s/step
on time step 13910 (time=69.55), 0.0146574 s/step
on time step 14183 (time=70.915), 0.0146681 s/step
on time step 14452 (time=72.26), 0.0148808 s/step
on time step 14722 (time=73.61), 0.0148575 s/step
on time step 14987 (time=74.935), 0.015118 s/step
on time step 15255 (time=76.275), 0.0149608 s/step
on time step 15521 (time=77.605), 0.0150498 s/step
on time step 15791 (time=78.955), 0.0148494 s/step
on time step 16058 (time=80.29), 0.0150071 s/step
on time step 16329 (time=81.645), 0.014767 s/step
on time step 16597 (time=82.985), 0.0149641 s/step
on time step 16868 (time=84.34), 0.0147836 s/step
on time step 17141 (time=85.705), 0.0146875 s/step
on time step 17412 (time=87.06), 0.0147814 s/step
on time step 17685 (time=88.425), 0.0146712 s/step
on time step 17959 (time=89.795), 0.0146088 s/step
on time step 18228 (time=91.14), 0.0148705 s/step
on time step 18496 (time=92.48), 0.0149284 s/step
on time step 18763 (time=93.815), 0.0150288 s/step
on time step 19034 (time=95.17), 0.0147633 s/step
on time step 19299 (time=96.495), 0.0151279 s/step
on time step 19569 (time=97.845), 0.0148554 s/step
on time step 19838 (time=99.19), 0.0149061 s/step
field decay(t = 100.01): 9.257207905800415e-15 / 0.24899918973668697 = 3.7177662769062734e-14
creating output file "./test-ez-000020002.h5"...
run 0 finished at t = 100.01 (20002 timesteps)
creating output file "./test-refl-flux.h5"...
flux1:, 1.25, 1.4722550526674081e-07, 1.4719610212747683e-07
flux1:, 1.2531328320802004, 1.6331634713972292e-07, 1.6328386649924682e-07
flux1:, 1.256265664160401, 1.8107273147374105e-07, 1.810376765358089e-07
flux1:, 1.2593984962406015, 2.0065646107568e-07, 2.006197195363022e-07
flux1:, 1.262531328320802, 2.222442679931036e-07, 2.2220670255139751e-07
flux1:, 1.2656641604010026, 2.460288665664739e-07, 2.4599108880300573e-07
flux1:, 1.268796992481203, 2.722198824706709e-07, 2.721826617607994e-07
flux1:, 1.2719298245614035, 3.0104558017929387e-07, 3.01009705251281e-07
flux1:, 1.275062656641604, 3.327545763457629e-07, 3.327203262432882e-07
flux1:, 1.2781954887218046, 3.6761691105853694e-07, 3.6758437467467233e-07
flux1:, 1.281328320802005, 4.0592568636607727e-07, 4.058950974966048e-07
flux1:, 1.2844611528822054, 4.4799942123316954e-07, 4.479706087049398e-07
flux1:, 1.287593984962406, 4.941837369729676e-07, 4.941560948469333e-07
flux1:, 1.2907268170426065, 5.448528777919854e-07, 5.448260862213897e-07
flux1:, 1.293859649122807, 6.004123856428445e-07, 6.003862374787897e-07
flux1:, 1.2969924812030076, 6.613017812409108e-07, 6.612757353998183e-07
flux1:, 1.300125313283208, 7.279963556246747e-07, 7.279702311485573e-07
flux1:, 1.3032581453634084, 8.010097795948642e-07, 8.009841490499172e-07
flux1:, 1.306390977443609, 8.808977438395384e-07, 8.808732516588703e-07
flux1:, 1.3095238095238095, 9.682606695762503e-07, 9.682381706977738e-07
flux1:, 1.31265664160401, 1.0637461870298033e-06, 1.0637274998711164e-06
flux1:, 1.3157894736842106, 1.1680532291724722e-06, 1.1680406133565267e-06
flux1:, 1.318922305764411, 1.281936125434403e-06, 1.2819316705904504e-06
flux1:, 1.3220551378446115, 1.4062074284904353e-06, 1.406213698277721e-06
flux1:, 1.3251879699248121, 1.541741850375976e-06, 1.541761889220356e-06
flux1:, 1.3283208020050126, 1.689481602651289e-06, 1.6895179099465497e-06
flux1:, 1.331453634085213, 1.8504404047423383e-06, 1.8504950084749953e-06
flux1:, 1.3345864661654134, 2.0257071235236278e-06, 2.025782115261442e-06
flux1:, 1.337719298245614, 2.2164516118741725e-06, 2.2165483663901885e-06
flux1:, 1.3408521303258145, 2.423930512890661e-06, 2.424049123792716e-06
flux1:, 1.343984962406015, 2.6494912762903463e-06, 2.6496312598589863e-06
flux1:, 1.3471177944862156, 2.8945776742241434e-06, 2.894738010598306e-06
flux1:, 1.350250626566416, 3.160737235547897e-06, 3.1609156583803465e-06
flux1:, 1.3533834586466165, 3.4496268366951213e-06, 3.4498202555178055e-06
flux1:, 1.3565162907268171, 3.7630177711807013e-06, 3.7632230935075405e-06
flux1:, 1.3596491228070176, 4.102803827987723e-06, 4.10301771969961e-06
flux1:, 1.362781954887218, 4.471009324735099e-06, 4.471228105477794e-06
flux1:, 1.3659147869674186, 4.869794686172818e-06, 4.870015188355187e-06
flux1:, 1.369047619047619, 5.3014640433055215e-06, 5.301684044894876e-06
flux1:, 1.3721804511278195, 5.768475420741435e-06, 5.768693273824384e-06
flux1:, 1.37531328320802, 6.27344837780037e-06, 6.273663123928823e-06
flux1:, 1.3784461152882206, 6.819170868443847e-06, 6.819382903892882e-06
flux1:, 1.381578947368421, 7.408610087948224e-06, 7.408821087764195e-06
flux1:, 1.3847117794486214, 8.04492315862995e-06, 8.045135306677572e-06
flux1:, 1.387844611528822, 8.73146436724294e-06, 8.731680328889456e-06
flux1:, 1.3909774436090225, 9.471794962013677e-06, 9.472018298020161e-06
flux1:, 1.394110275689223, 1.0269696266992136e-05, 1.0269930516475417e-05
flux1:, 1.3972431077694236, 1.112917919910495e-05, 1.1129426605465658e-05
flux1:, 1.400375939849624, 1.205449253244661e-05, 1.2054754511676126e-05
flux1:, 1.4035087719298245, 1.3050136296047465e-05, 1.3050413615744967e-05
flux1:, 1.4066416040100251, 1.412087477235335e-05, 1.4121165698457231e-05
flux1:, 1.4097744360902256, 1.527174470165057e-05, 1.5272044677558303e-05
flux1:, 1.412907268170426, 1.6508066696520508e-05, 1.6508370143710673e-05
flux1:, 1.4160401002506267, 1.7835460900748283e-05, 1.7835760398267143e-05
flux1:, 1.419172932330827, 1.9259857724366623e-05, 1.926014228531974e-05
flux1:, 1.4223057644110275, 2.0787506751380864e-05, 2.078776416185631e-05
flux1:, 1.4254385964912282, 2.2424992281071042e-05, 2.2425210781402596e-05
flux1:, 1.4285714285714286, 2.4179248213936187e-05, 2.4179413989164808e-05
flux1:, 1.431704260651629, 2.6057566467066645e-05, 2.605766443147761e-05
flux1:, 1.4348370927318297, 2.8067609426594517e-05, 2.8067627414756868e-05
flux1:, 1.4379699248120301, 3.02174277974489e-05, 3.0217355182946672e-05
flux1:, 1.4411027568922306, 3.251547180340812e-05, 3.2515297114073615e-05
flux1:, 1.444235588972431, 3.497059973299136e-05, 3.4970315064901196e-05
flux1:, 1.4473684210526316, 3.75920948571104e-05, 3.759169746178111e-05
flux1:, 1.450501253132832, 4.0389681192849777e-05, 4.0389168381499034e-05
flux1:, 1.4536340852130325, 4.337353048380461e-05, 4.3372900815783916e-05
flux1:, 1.4567669172932332, 4.655427400353092e-05, 4.6553532111235695e-05
flux1:, 1.4598997493734336, 4.994302094120208e-05, 4.994217288260462e-05
flux1:, 1.463032581453634, 5.355136774480886e-05, 5.355041701669517e-05
flux1:, 1.4661654135338344, 5.739140354449431e-05, 5.7390357017936764e-05
flux1:, 1.469298245614035, 6.147572589238196e-05, 6.147459359740879e-05
flux1:, 1.4724310776942355, 6.581745457670482e-05, 6.581624189744371e-05
flux1:, 1.475563909774436, 7.043023368950472e-05, 7.042894449718584e-05
flux1:, 1.4786967418546366, 7.532823942543166e-05, 7.532688191418963e-05
flux1:, 1.481829573934837, 8.052619592922442e-05, 8.052477554285108e-05
flux1:, 1.4849624060150375, 8.60393792374424e-05, 8.603789603581311e-05
flux1:, 1.4880952380952381, 9.188361585585133e-05, 9.188207397811015e-05
flux1:, 1.4912280701754386, 9.807529417032036e-05, 9.807370077434259e-05
flux1:, 1.494360902255639, 0.00010463137317011732, 0.00010462973064581154
flux1:, 1.4974937343358397, 0.00011156937599635208, 0.0001115676893657695
flux1:, 1.50062656641604, 0.00011890739047040287, 0.00011890567422146163
flux1:, 1.5037593984962405, 0.00012666407957856598, 0.00012666234890578964
flux1:, 1.5068922305764412, 0.0001348586766868857, 0.00013485694724216316
flux1:, 1.5100250626566416, 0.000143510973671795, 0.00014350927263728002
flux1:, 1.513157894736842, 0.00015264132487374088, 0.00015263968665825818
flux1:, 1.5162907268170427, 0.00016227064737035316, 0.00016226910470328333
flux1:, 1.5194235588972431, 0.00017242040182798013, 0.0001724189940261278
flux1:, 1.5225563909774436, 0.000183112581629487, 0.00018311135779929696
flux1:, 1.5256892230576442, 0.0001943697140284417, 0.00019436872044708924
flux1:, 1.5288220551378446, 0.00020621484183325296, 0.0002062141215257545
flux1:, 1.531954887218045, 0.00021867149576982857, 0.00021867109704186546
flux1:, 1.5350877192982457, 0.00023176368606093108, 0.0002317636537722908
flux1:, 1.5382205513784462, 0.0002455158890932645, 0.0002455162551920859
flux1:, 1.5413533834586466, 0.00025995300967611646, 0.00025995380100695694
flux1:, 1.5444862155388472, 0.00027510035321394704, 0.0002751015919460528
flux1:, 1.5476190476190477, 0.00029098361258072115, 0.0002909853040611751
flux1:, 1.550751879699248, 0.00030762883097194756, 0.0003076309656655513
flux1:, 1.5538847117794485, 0.0003250623532767769, 0.0003250649154688948
flux1:, 1.557017543859649, 0.00034331080118156477, 0.0003433137626994765
flux1:, 1.5601503759398496, 0.0003624010425850917, 0.0003624043583919125
flux1:, 1.56328320802005, 0.0003823601315108293, 0.00038236374986006595
flux1:, 1.5664160401002505, 0.0004032152605322834, 0.0004032191264585013
flux1:, 1.5695488721804511, 0.0004249937317110603, 0.00042499778093479853
flux1:, 1.5726817042606516, 0.0004477228989527189, 0.00044772706228687594
flux1:, 1.575814536340852, 0.0004714300970040377, 0.0004714343099177343
flux1:, 1.5789473684210527, 0.0004961425998897132, 0.0004961468010184033
flux1:, 1.582080200501253, 0.0005218875732290506, 0.0005218917015584817
flux1:, 1.5852130325814535, 0.0005486919915732494, 0.0005486959934357979
flux1:, 1.5883458646616542, 0.0005765825714471037, 0.0005765864054706595
flux1:, 1.5914786967418546, 0.000605585727410543, 0.0006055893595128452
flux1:, 1.594611528822055, 0.000635727494485123, 0.0006357308955055122
flux1:, 1.5977443609022557, 0.0006670334351529414, 0.000667036586931002
flux1:, 1.6008771929824561, 0.0006995285823060131, 0.0006995314775922961
flux1:, 1.6040100250626566, 0.0007332373757135414, 0.0007332400083122115
flux1:, 1.6071428571428572, 0.0007681835575259986, 0.0007681859214519657
flux1:, 1.6102756892230576, 0.0008043900873169404, 0.0008043921842493345
flux1:, 1.613408521303258, 0.0008418790855841474, 0.0008418809178825841
flux1:, 1.6165413533834587, 0.0008806717385262327, 0.0008806732980083124
flux1:, 1.6196741854636592, 0.0009207881857439577, 0.0009207894626832439
flux1:, 1.6228070175438596, 0.0009622474519297105, 0.0009622484410914185
flux1:, 1.6259398496240602, 0.0010050673726344742, 0.0010050680574870277
flux1:, 1.6290726817042607, 0.001049264473503592, 0.001049264825922242
flux1:, 1.632205513784461, 0.00109485387435914, 0.001094853874154288
flux1:, 1.6353383458646618, 0.0011418492288743014, 0.0011418488567425773
flux1:, 1.6384711779448622, 0.001190262621083063, 0.0011902618433968473
flux1:, 1.6416040100250626, 0.001240104444063625, 0.0012401032338704883
flux1:, 1.6447368421052633, 0.00129138333233618, 0.0012913816820267789
flux1:, 1.6478696741854637, 0.0013441060898113256, 0.001344103987350793
flux1:, 1.6510025062656641, 0.001398277565841678, 0.001398274999242207
flux1:, 1.6541353383458646, 0.0014539005623409869, 0.0014538975495301599
flux1:, 1.657268170426065, 0.0015109757845300446, 0.0015109723570625256
flux1:, 1.6604010025062657, 0.0015695017439007943, 0.0015694979248683496
flux1:, 1.663533834586466, 0.0016294746425140985, 0.0016294704762185902
flux1:, 1.6666666666666665, 0.0016908883212731387, 0.0016908838798642982
flux1:, 1.6697994987468672, 0.001753734205117721, 0.001753729548824427
flux1:, 1.6729323308270676, 0.0018180011903140853, 0.0018179963751813102
flux1:, 1.676065162907268, 0.00188367556910092, 0.001883670678386711
flux1:, 1.6791979949874687, 0.0019507410062194835, 0.001950736117415835
flux1:, 1.6823308270676691, 0.002019178462615604, 0.002019173622439105
flux1:, 1.6854636591478696, 0.0020889660994642765, 0.0020889613631020487
flux1:, 1.6885964912280702, 0.002160079256963137, 0.0021600746858644595
flux1:, 1.6917293233082706, 0.0022324904316427755, 0.002232486046457635
flux1:, 1.694862155388471, 0.0023061691897586626, 0.002306164991828574
flux1:, 1.6979949874686717, 0.002381082124904363, 0.0023810781311535295
flux1:, 1.7011278195488722, 0.0024571928765124477, 0.0024571890788412888
flux1:, 1.7042606516290726, 0.0025344620907593947, 0.002534458443561563
flux1:, 1.7073934837092732, 0.0026128473611342806, 0.0026128438348372697
flux1:, 1.7105263157894737, 0.00269230325518933, 0.0026922998294575205
flux1:, 1.713659147869674, 0.002772781341683582, 0.0027727779642195537
flux1:, 1.7167919799498748, 0.00285423014766492, 0.0028542267731457775
flux1:, 1.7199248120300752, 0.002936595166536238, 0.0029365917897950897
flux1:, 1.7230576441102756, 0.003019818935713228, 0.003019815546757168
flux1:, 1.7261904761904763, 0.0031038410511586094, 0.003103837634376931
flux1:, 1.7293233082706767, 0.0031885981598907083, 0.0031885947470234
flux1:, 1.7324561403508771, 0.0032740240488680493, 0.0032740206987371522
flux1:, 1.7355889724310778, 0.0033600497346874996, 0.0033600464937045397
flux1:, 1.7387218045112782, 0.0034466034753922225, 0.003446600416477012
flux1:, 1.7418546365914787, 0.0035336108381037127, 0.0035336080763781327
flux1:, 1.7449874686716793, 0.0036209948429614942, 0.003620992483470017
flux1:, 1.7481203007518797, 0.003708676036532589, 0.003708674174535087
flux1:, 1.7512531328320802, 0.003796572539544937, 0.003796571298041545
flux1:, 1.7543859649122808, 0.003884600199115612, 0.0038845996964528154
flux1:, 1.757518796992481, 0.0039726727404858575, 0.003972673054816795
flux1:, 1.7606516290726817, 0.0040607018316597115, 0.0040607030326811145
flux1:, 1.7637844611528821, 0.004148597207111786, 0.004148599360610065
flux1:, 1.7669172932330826, 0.004236266873067918, 0.004236269997441337
flux1:, 1.7700501253132832, 0.004323617234123633, 0.004323621306234457
flux1:, 1.7731829573934836, 0.004410553189763239, 0.0044105581763609365
flux1:, 1.776315789473684, 0.004496978342300366, 0.004496984179478259
flux1:, 1.7794486215538847, 0.004582795202426174, 0.0045828017774026545
flux1:, 1.7825814536340852, 0.004667905298265379, 0.004667912480104407
flux1:, 1.7857142857142856, 0.004752209345778487, 0.004752216998483077
flux1:, 1.7888471177944862, 0.004835607504855993, 0.00483561546662814
flux1:, 1.7919799498746867, 0.004917999548264757, 0.004918007640016784
flux1:, 1.795112781954887, 0.004999284995212991, 0.004999293051132128
flux1:, 1.7982456140350878, 0.0050793633613630835, 0.005079371228027238
flux1:, 1.8013784461152882, 0.005158134403187322, 0.005158141926991564
flux1:, 1.8045112781954886, 0.005235498255503129, 0.005235505301126986
flux1:, 1.8076441102756893, 0.0053113556303832615, 0.005311362102018956
flux1:, 1.8107769423558897, 0.005385608103352927, 0.005385613931376405
flux1:, 1.8139097744360901, 0.005458158302606614, 0.005458163431838405
flux1:, 1.8170426065162908, 0.00552891005578993, 0.0055289144677321414
flux1:, 1.8201754385964912, 0.00559776865527701, 0.005597772374812504
flux1:, 1.8233082706766917, 0.005664641112697897, 0.005664644176338825
flux1:, 1.8264411027568923, 0.005729436295481382, 0.005729438748070709
flux1:, 1.8295739348370927, 0.005792065122718908, 0.005792067045341416
flux1:, 1.8327067669172932, 0.005852440847923625, 0.00585244233719646
flux1:, 1.8358395989974938, 0.005910479234966809, 0.005910480365725148
flux1:, 1.8389724310776943, 0.0059660986843094056, 0.0059660995357120805
flux1:, 1.8421052631578947, 0.006019220478452958, 0.006019221149851291
flux1:, 1.8452380952380953, 0.006069769011779147, 0.006069769572093905
flux1:, 1.8483709273182956, 0.006117671892832563, 0.006117672375634935
flux1:, 1.8515037593984962, 0.006162860103989782, 0.0061628605571964696
flux1:, 1.8546365914786969, 0.006205268247683607, 0.006205268708081843
flux1:, 1.857769423558897, 0.006244834678214878, 0.006244835126620777
flux1:, 1.8609022556390977, 0.0062815015783225835, 0.006281501990556418
flux1:, 1.8640350877192982, 0.006315215155696755, 0.006315215529350815
flux1:, 1.8671679197994986, 0.006345925820528354, 0.006345926113084251
flux1:, 1.8703007518796992, 0.006373588228523301, 0.006373588369086792
flux1:, 1.8734335839598997, 0.006398161379896363, 0.006398161339482847
flux1:, 1.8765664160401, 0.006419608804695528, 0.006419608558593795
flux1:, 1.8796992481203008, 0.00643789862834887, 0.006437898111528998
flux1:, 1.8828320802005012, 0.00645300357788923, 0.006453002756474071
flux1:, 1.8859649122807016, 0.0064649011082441275, 0.006464899996896758
flux1:, 1.8890977443609023, 0.006473573507091683, 0.0064735720911558705
flux1:, 1.8922305764411027, 0.006479007860500583, 0.006479006120838724
flux1:, 1.8953634085213031, 0.006481196073140122, 0.006481194054189382
flux1:, 1.8984962406015038, 0.006480134974395211, 0.006480132722255067
flux1:, 1.9016290726817042, 0.006475826301661539, 0.006475823822401371
flux1:, 1.9047619047619047, 0.006468276622013571, 0.006468273960047764
flux1:, 1.9078947368421053, 0.006457497373888393, 0.006457494607031435
flux1:, 1.9110275689223057, 0.006443504886637261, 0.006443502041555203
flux1:, 1.9141604010025062, 0.006426320259550028, 0.006426317351023952
flux1:, 1.9172932330827068, 0.006405969295357474, 0.006405966382655696
flux1:, 1.9204260651629073, 0.0063824825203216895, 0.0063824796327165865
flux1:, 1.9235588972431077, 0.0063558950823011115, 0.006355892195471233
flux1:, 1.9266917293233083, 0.006326246588120425, 0.006326243706271334
flux1:, 1.9298245614035088, 0.006293581062013472, 0.00629357819942211
flux1:, 1.9329573934837092, 0.006257946884132074, 0.0062579439962455775
flux1:, 1.9360902255639099, 0.0062193965914978085, 0.006219393631500687
flux1:, 1.9392230576441103, 0.006177986735208395, 0.006177983699135347
flux1:, 1.9423558897243107, 0.006133777826226599, 0.00613377468425587
flux1:, 1.9454887218045114, 0.006086834163626053, 0.006086830859371411
flux1:, 1.9486215538847116, 0.006037223605799711, 0.006037220131280281
flux1:, 1.9517543859649122, 0.0059850174640845456, 0.0059850138329046705
flux1:, 1.954887218045113, 0.005930290380378654, 0.005930286577888543
flux1:, 1.958020050125313, 0.005873120073075313, 0.005873116111939269
flux1:, 1.9611528822055138, 0.005813587141362591, 0.005813583086431825
flux1:, 1.9642857142857142, 0.005751774959835215, 0.005751770867374092
flux1:, 1.9674185463659146, 0.0056877694620276675, 0.005687765384995883
flux1:, 1.9705513784461153, 0.005621658871708025, 0.005621654910228423
flux1:, 1.9736842105263157, 0.005553533556848514, 0.005553529824945979
flux1:, 1.9768170426065161, 0.00548348587196261, 0.005483482458836757
flux1:, 1.9799498746867168, 0.0054116098764245306, 0.0054116068833492785
flux1:, 1.9830827067669172, 0.005338001112856169, 0.005337998660238326
flux1:, 1.9862155388471177, 0.005262756476816718, 0.00526275465623241
flux1:, 1.9893483709273183, 0.005185973983474456, 0.0051859728589616905
flux1:, 1.9924812030075187, 0.005107752487813293, 0.0051077521258021666
flux1:, 1.9956140350877192, 0.005028191526892054, 0.005028191973510073
flux1:, 1.9987468671679198, 0.00494739115544254, 0.004947392410926179
flux1:, 2.0018796992481205, 0.0048654516669600295, 0.004865453708542676
flux1:, 2.0050125313283207, 0.004782473376433839, 0.004782476169858756
flux1:, 2.0081453634085213, 0.004698556494844995, 0.0046985599705400664
flux1:, 2.011278195488722, 0.004613800910097491, 0.004613804962202296
flux1:, 2.014411027568922, 0.004528305927996188, 0.0045283104410479575
flux1:, 2.017543859649123, 0.004442170133473603, 0.004442174984081722
flux1:, 2.0206766917293235, 0.004355491250023791, 0.004355496290598049
flux1:, 2.0238095238095237, 0.004268365894899177, 0.00426837096768085
flux1:, 2.0269423558897244, 0.004180889396344619, 0.0041808943598169186
flux1:, 2.030075187969925, 0.004093155701312384, 0.004093160422040421
flux1:, 2.0332080200501252, 0.004005257198821624, 0.004005261539729229
flux1:, 2.036340852130326, 0.003917284508907665, 0.00391728835624663
flux1:, 2.0394736842105265, 0.0038293263874065783, 0.0038293296664899004
flux1:, 2.0426065162907268, 0.0037414696320751447, 0.003741472281433642
flux1:, 2.0457393483709274, 0.0036537988937479643, 0.0036538008659940924
flux1:, 2.0488721804511276, 0.00356639654745448, 0.0035663978423183867
flux1:, 2.0520050125313283, 0.0034793426499534455, 0.0034793433000506
flux1:, 2.055137844611529, 0.0033927148206902183, 0.0033927148599632567
flux1:, 2.058270676691729, 0.003306588092147112, 0.003306587581382374
flux1:, 2.06140350877193, 0.0032210348688054558, 0.003221033910363165
flux1:, 2.06453634085213, 0.003136124888654449, 0.0031361235823458215
flux1:, 2.0676691729323307, 0.003051925097905097, 0.0030519235353773182
flux1:, 2.0708020050125313, 0.0029684995816104337, 0.0029684978835366094
flux1:, 2.0739348370927315, 0.0028859095746041983, 0.002885907865332468
flux1:, 2.077067669172932, 0.002804213402750217, 0.0028042117709662848
flux1:, 2.080200501253133, 0.002723466396401942, 0.0027234649288913827
flux1:, 2.083333333333333, 0.0026437209035998, 0.0026437196982248496
flux1:, 2.0864661654135337, 0.002565026306019711, 0.0025650254212710825
flux1:, 2.0895989974937343, 0.0024874289558365964, 0.002487428415783699
flux1:, 2.0927318295739346, 0.002410972163394864, 0.0024109720020717524
flux1:, 2.095864661654135, 0.0023356962579316747, 0.00233569649004571
flux1:, 2.098997493734336, 0.0022616385849672602, 0.0022616391762983537
flux1:, 2.102130325814536, 0.002188833478046623, 0.0021888343925235425
flux1:, 2.1052631578947367, 0.0021173123201899805, 0.002117313530678923
flux1:, 2.1083959899749374, 0.002047103607379743, 0.0020471050498647304
flux1:, 2.1115288220551376, 0.0019782329399673656, 0.00197823453341774
flux1:, 2.1146616541353382, 0.0019107230587287923, 0.0019107247486741662
flux1:, 2.117794486215539, 0.0018445939455433774, 0.0018445956714295121
flux1:, 2.120927318295739, 0.0017798628661345344, 0.0017798645435244736
flux1:, 2.1240601503759398, 0.0017165443883254631, 0.0017165459575231592
flux1:, 2.1271929824561404, 0.0016546504788664124, 0.0016546519051488236
flux1:, 2.1303258145363406, 0.0015941906005493044, 0.0015941918331536403
flux1:, 2.1334586466165413, 0.0015351717433130497, 0.0015351727401415143
flux1:, 2.136591478696742, 0.0014775984930139288, 0.0014775992507749306
flux1:, 2.139724310776942, 0.0014214731556411802, 0.0014214736730017022
flux1:, 2.142857142857143, 0.0013667958282576455, 0.0013667960952562746
flux1:, 2.1459899749373434, 0.0013135644460835593, 0.0013135644825257142
flux1:, 2.1491228070175437, 0.001261774896804, 0.0012617747406748776
flux1:, 2.1522556390977443, 0.0012114211331403757, 0.0012114208064578328
flux1:, 2.155388471177945, 0.0011624952252339063, 0.0011624947567455135
flux1:, 2.158521303258145, 0.0011149874439203584, 0.0011149868848501152
flux1:, 2.161654135338346, 0.0010688863906466043, 0.0010688857811563311
flux1:, 2.1647869674185465, 0.0010241790788571117, 0.0010241784446197236
flux1:, 2.1679197994987467, 0.000980850992509376, 0.0009808503724118966
flux1:, 2.1710526315789473, 0.0009388862013136187, 0.0009388856336296011
flux1:, 2.174185463659148, 0.0008982674727642242, 0.0008982669733295625
flux1:, 2.177318295739348, 0.0008589763301021736, 0.0008589759123441213
flux1:, 2.180451127819549, 0.0008209931352943767, 0.0008209928189611545
flux1:, 2.1835839598997495, 0.0007842972108445872, 0.0007842969995420238
flux1:, 2.1867167919799497, 0.0007488669181452616, 0.000748866801733986
flux1:, 2.1898496240601504, 0.0007146797144849256, 0.0007146796885502829
flux1:, 2.192982456140351, 0.0006817122574294792, 0.0006817123142858047
flux1:, 2.1961152882205512, 0.0006499405051164846, 0.000649940622826935
flux1:, 2.199248120300752, 0.0006193397687296943, 0.0006193399258016532
flux1:, 2.2023809523809526, 0.0005898847849895965, 0.0005898849664143253
flux1:, 2.2055137844611528, 0.0005615498206201074, 0.0005615500056659172
flux1:, 2.2086466165413534, 0.0005343087385002106, 0.0005343089027348127
flux1:, 2.211779448621554, 0.0005081350443279382, 0.0005081351713920727
flux1:, 2.2149122807017543, 0.000483001972414317, 0.0004830020501315807
flux1:, 2.218045112781955, 0.0004588825669704613, 0.00045888258017484304
flux1:, 2.2211779448621556, 0.00043574972175875045, 0.0004357496588366609
flux1:, 2.224310776942356, 0.0004135762356133772, 0.0004135760934071647
flux1:, 2.2274436090225564, 0.00039233489408701725, 0.000392334671081982
flux1:, 2.230576441102757, 0.0003719985179412421, 0.00037199821148476857
flux1:, 2.2337092731829573, 0.0003525399943499773, 0.00035253960725561354
flux1:, 2.236842105263158, 0.000333932340246864, 0.00033393188111687194
flux1:, 2.2399749373433586, 0.00031614876129190005, 0.000316148236967926
flux1:, 2.243107769423559, 0.0002991626753504951, 0.00029916209167421857
flux1:, 2.2462406015037595, 0.0002829477486685238, 0.00028294711697538497
flux1:, 2.2493734335839597, 0.00026747795345321743, 0.0002674772863852092
flux1:, 2.2525062656641603, 0.0002527275974826207, 0.0002527269023989249
flux1:, 2.2556390977443606, 0.00023867133897069933, 0.00023867062393160543
flux1:, 2.2587719298245617, 0.00022528422787167042, 0.00022528350541095907
flux1:, 2.261904761904762, 0.00021254174342156079, 0.0002125410218897352
flux1:, 2.265037593984962, 0.00020041980216349009, 0.00020041908504458064
flux1:, 2.268170426065163, 0.0001888947763321924, 0.00018889407150768714
flux1:, 2.2713032581453634, 0.00017794352988819795, 0.00017794284612550202
flux1:, 2.2744360902255636, 0.00016754343155304057, 0.00016754277060886311
flux1:, 2.2775689223057642, 0.00015767235571840024, 0.0001576717199701859
flux1:, 2.280701754385965, 0.0001483087051054638, 0.0001483081024101932
flux1:, 2.283834586466165, 0.0001394314304844935, 0.00013943086437794564
flux1:, 2.2869674185463658, 0.00013102002636824057, 0.00013101949616606037
flux1:, 2.2901002506265664, 0.000123054535263084, 0.00012305404620456873
flux1:, 2.2932330827067666, 0.00011551556648943382, 0.00011551512488855674
flux1:, 2.2963659147869673, 0.00010838429649873553, 0.00010838390206359886
flux1:, 2.299498746867168, 0.00010164245950332103, 0.00010164211393621357
flux1:, 2.302631578947368, 9.527235593975776e-05, 9.527206624104847e-05
flux1:, 2.305764411027569, 8.9256858818083e-05, 8.925662702432923e-05
flux1:, 2.3088972431077694, 8.357940089572683e-05, 8.357922564642924e-05
flux1:, 2.3120300751879697, 7.822396897536723e-05, 7.822385444809911e-05
flux1:, 2.3151629072681703, 7.317511022048326e-05, 7.317505987213957e-05
flux1:, 2.318295739348371, 6.841792390380559e-05, 6.841793456318535e-05
flux1:, 2.321428571428571, 6.393804564808672e-05, 6.393811610119245e-05
flux1:, 2.324561403508772, 5.9721646244261276e-05, 5.972177837870709e-05
flux1:, 2.3276942355889725, 5.5755429121751714e-05, 5.5755618963986636e-05
flux1:, 2.3308270676691727, 5.2026612830282614e-05, 5.202685373216101e-05
flux1:, 2.3339598997493733, 4.852291949726494e-05, 4.852320903652878e-05
flux1:, 2.337092731829574, 4.523257318949748e-05, 4.523290691283421e-05
flux1:, 2.340225563909774, 4.214428705871659e-05, 4.2144655300293895e-05
flux1:, 2.343358395989975, 3.924724484670548e-05, 3.9247640449759136e-05
flux1:, 2.3464912280701755, 3.653109424788643e-05, 3.653151219811702e-05
flux1:, 2.3496240601503757, 3.398593955762569e-05, 3.398637051552188e-05
flux1:, 2.3527568922305764, 3.1602322819186706e-05, 3.1602757117544555e-05
flux1:, 2.355889724310777, 2.937120996717669e-05, 2.9371642170233222e-05
flux1:, 2.3590225563909772, 2.728398507084862e-05, 2.7284408686345357e-05
flux1:, 2.362155388471178, 2.533243608845898e-05, 2.5332842468718252e-05
flux1:, 2.3652882205513786, 2.350873647144099e-05, 2.3509120583521797e-05
flux1:, 2.3684210526315788, 2.1805436305117187e-05, 2.1805795380729187e-05
flux1:, 2.3715538847117794, 2.0215453172710914e-05, 2.0215782483609793e-05
flux1:, 2.37468671679198, 1.873205430660846e-05, 1.8732350560927868e-05
flux1:, 2.3778195488721803, 1.7348842846807017e-05, 1.7349106459520127e-05
flux1:, 2.380952380952381, 1.6059750624266387e-05, 1.6059981664902002e-05
flux1:, 2.3840852130325816, 1.4859024593600647e-05, 1.4859222548743251e-05
flux1:, 2.387218045112782, 1.3741210247238903e-05, 1.3741377463939323e-05
flux1:, 2.3903508771929824, 1.2701142586467057e-05, 1.2701282633529476e-05
flux1:, 2.393483709273183, 1.1733937082200911e-05, 1.1734052157455306e-05
flux1:, 2.3966165413533833, 1.0834974108411338e-05, 1.0835067196700053e-05
flux1:, 2.399749373433584, 9.999886689689187e-06, 9.999962412059847e-06
flux1:, 2.4028822055137846, 9.224553425258725e-06, 9.224615422136988e-06
flux1:, 2.406015037593985, 8.50508671850252e-06, 8.505137641933737e-06
flux1:, 2.4091478696741855, 7.837818840826682e-06, 7.837862183787126e-06
flux1:, 2.412280701754386, 7.2192939025162985e-06, 7.219332945022167e-06
flux1:, 2.4154135338345863, 6.646259966602934e-06, 6.646296424166068e-06
flux1:, 2.418546365914787, 6.115656332337471e-06, 6.115691553734331e-06
flux1:, 2.4216791979949877, 5.62460345112816e-06, 5.624638959613342e-06
flux1:, 2.424812030075188, 5.1703968902069336e-06, 5.17043316041447e-06
flux1:, 2.4279448621553885, 4.750497866503961e-06, 4.750534314256584e-06
flux1:, 2.431077694235589, 4.362522245144589e-06, 4.362558307934445e-06
flux1:, 2.4342105263157894, 4.004234087514969e-06, 4.004269033537344e-06
flux1:, 2.4373433583959896, 3.6735394082722507e-06, 3.6735716625905185e-06
flux1:, 2.4404761904761907, 3.368476389350924e-06, 3.3685040862712164e-06
flux1:, 2.443609022556391, 3.087207639676934e-06, 3.087229299286774e-06
flux1:, 2.446741854636591, 2.8280155601182966e-06, 2.8280296623694293e-06
flux1:, 2.449874686716792, 2.5892952149555016e-06, 2.589299923167433e-06
flux1:, 2.4530075187969924, 2.3695461102845596e-06, 2.369539986693802e-06
flux1:, 2.4561403508771926, 2.16736740963077e-06, 2.167349694179372e-06
flux1:, 2.4592731829573937, 1.981453355958287e-06, 1.981423339724648e-06
flux1:, 2.462406015037594, 1.8105861030154147e-06, 1.810543192301377e-06
flux1:, 2.465538847117794, 1.6536300911085148e-06, 1.653574523843695e-06
flux1:, 2.4686716791979952, 1.5095287517555342e-06, 1.509461306524909e-06
flux1:, 2.4718045112781954, 1.3772994001832404e-06, 1.3772207702517256e-06
flux1:, 2.4749373433583957, 1.256027339397684e-06, 1.2559386445209675e-06
flux1:, 2.4780701754385963, 1.144862509990056e-06, 1.144765632965884e-06
flux1:, 2.481203007518797, 1.0430163118276247e-06, 1.042913106755531e-06
flux1:, 2.484335839598997, 9.497565390465251e-07, 9.496486944204226e-07
flux1:, 2.487468671679198, 8.644034529375834e-07, 8.642931837679478e-07
flux1:, 2.4906015037593985, 7.863275688237034e-07, 7.86217255276421e-07
flux1:, 2.4937343358395987, 7.149461328348729e-07, 7.148376164510607e-07
flux1:, 2.4968671679197993, 6.497190291510546e-07, 6.496141236581842e-07
flux1:, 2.5, 5.901465435177851e-07, 5.900473212516959e-07

Elapsed run time = 309.0634 s
-----------
Initializing structure...
time for choose_chunkdivision = 8.91685e-05 s
Working in 3D dimensions.
Computational cell is 6 x 0.4 x 0.4 with resolution 100
     cylinder, center = (0,0,0)
          radius 0.04, height 0.05, axis (1, 0, 0)
          dielectric constant epsilon diagonal = (1,1,1)
subpixel-averaging is 50.6625% done, 4.00357 s remaining
subpixel-averaging is 50.6625% done, 3.92106 s remaining
subpixel-averaging is 50.6625% done, 3.90032 s remaining
time for set_epsilon = 13.0372 s
lorentzian susceptibility: frequency=20.29, gamma=2.419
lorentzian susceptibility: frequency=9.083, gamma=0.916
lorentzian susceptibility: frequency=8.185, gamma=0.065
lorentzian susceptibility: frequency=4.481, gamma=0.452
lorentzian susceptibility: frequency=0.816, gamma=3.886
drude susceptibility: frequency=1e-10, gamma=0.048
-----------
creating output file "./test-eps-000000000.h5"...
on time step 25 (time=0.125), 0.161908 s/step
on time step 70 (time=0.35), 0.0892871 s/step
on time step 115 (time=0.575), 0.0891442 s/step
on time step 161 (time=0.805), 0.0886103 s/step
on time step 205 (time=1.025), 0.0922702 s/step
on time step 250 (time=1.25), 0.090061 s/step
-----------
Initializing structure...
time for choose_chunkdivision = 0.000111103 s
Working in 3D dimensions.
Computational cell is 6 x 0.4 x 0.4 with resolution 100
     block, center = (0,0,0)
          size (6,0.4,0.4)
          axes (1,0,0), (0,1,0), (0,0,1)
          dielectric constant epsilon diagonal = (1,1,1)
time for set_epsilon = 4.77281 s
-----------
creating output file "./test-eps-000000000.h5"...
on time step 192 (time=0.96), 0.0208907 s/step
on time step 464 (time=2.32), 0.0147468 s/step
on time step 734 (time=3.67), 0.0148183 s/step
on time step 1002 (time=5.01), 0.0149489 s/step
on time step 1272 (time=6.36), 0.0148378 s/step
on time step 1542 (time=7.71), 0.0148263 s/step
on time step 1810 (time=9.05), 0.0149691 s/step
on time step 2083 (time=10.415), 0.0146542 s/step
on time step 2354 (time=11.77), 0.0147884 s/step
on time step 2627 (time=13.135), 0.0146913 s/step
on time step 2899 (time=14.495), 0.0147363 s/step
on time step 3169 (time=15.845), 0.014839 s/step
on time step 3442 (time=17.21), 0.0147045 s/step
on time step 3711 (time=18.555), 0.0148993 s/step
on time step 3985 (time=19.925), 0.0146104 s/step
on time step 4258 (time=21.29), 0.0146751 s/step
on time step 4533 (time=22.665), 0.0145873 s/step
on time step 4806 (time=24.03), 0.0146626 s/step
on time step 5080 (time=25.4), 0.014612 s/step
on time step 5354 (time=26.77), 0.0146356 s/step
on time step 5626 (time=28.13), 0.0147524 s/step
on time step 5895 (time=29.475), 0.0149149 s/step
on time step 6166 (time=30.83), 0.0147631 s/step
on time step 6443 (time=32.215), 0.0144862 s/step
on time step 6716 (time=33.58), 0.0146986 s/step
on time step 6991 (time=34.955), 0.0145905 s/step
on time step 7264 (time=36.32), 0.014664 s/step
on time step 7537 (time=37.685), 0.0146755 s/step
on time step 7806 (time=39.03), 0.0148719 s/step
on time step 8080 (time=40.4), 0.0146361 s/step
on time step 8355 (time=41.775), 0.0145919 s/step
on time step 8627 (time=43.135), 0.0147337 s/step
on time step 8899 (time=44.495), 0.0147441 s/step
on time step 9174 (time=45.87), 0.0145936 s/step
on time step 9448 (time=47.24), 0.014619 s/step
on time step 9722 (time=48.61), 0.0146172 s/step
on time step 9995 (time=49.975), 0.0146605 s/step
field decay(t = 50.005): 0.24899918973668697 / 0.24899918973668697 = 1.0
on time step 10269 (time=51.345), 0.0146275 s/step
on time step 10542 (time=52.71), 0.0146619 s/step
on time step 10815 (time=54.075), 0.0146714 s/step
on time step 11090 (time=55.45), 0.0145737 s/step
on time step 11359 (time=56.795), 0.0149204 s/step
on time step 11627 (time=58.135), 0.014931 s/step
on time step 11874 (time=59.37), 0.0162247 s/step
on time step 12124 (time=60.62), 0.0160395 s/step
on time step 12388 (time=61.94), 0.0151876 s/step
on time step 12660 (time=63.3), 0.0147305 s/step
on time step 12931 (time=64.655), 0.0147731 s/step
on time step 13201 (time=66.005), 0.0148405 s/step
on time step 13473 (time=67.365), 0.0147092 s/step
on time step 13747 (time=68.735), 0.0146474 s/step
on time step 14017 (time=70.085), 0.0148229 s/step
on time step 14292 (time=71.46), 0.0145813 s/step
on time step 14566 (time=72.83), 0.0146205 s/step
on time step 14832 (time=74.16), 0.0151711 s/step
on time step 15062 (time=75.31), 0.0174402 s/step
on time step 15319 (time=76.595), 0.0155644 s/step
on time step 15557 (time=77.785), 0.0168457 s/step
on time step 15797 (time=78.985), 0.0167143 s/step
on time step 16057 (time=80.285), 0.0153864 s/step
on time step 16309 (time=81.545), 0.0159165 s/step
on time step 16564 (time=82.82), 0.0156926 s/step
on time step 16774 (time=83.87), 0.019051 s/step
on time step 17009 (time=85.045), 0.0170498 s/step
on time step 17256 (time=86.28), 0.0162026 s/step
on time step 17500 (time=87.5), 0.0164067 s/step
on time step 17738 (time=88.69), 0.0168439 s/step
on time step 17991 (time=89.955), 0.0158266 s/step
on time step 18250 (time=91.25), 0.0154911 s/step
on time step 18492 (time=92.46), 0.0165489 s/step
on time step 18754 (time=93.77), 0.0153107 s/step
on time step 19021 (time=95.105), 0.0150131 s/step
on time step 19287 (time=96.435), 0.0150398 s/step
on time step 19553 (time=97.765), 0.0150849 s/step
on time step 19824 (time=99.12), 0.0147916 s/step
field decay(t = 100.01): 9.257207905800415e-15 / 0.24899918973668697 = 3.7177662769062734e-14
creating output file "./test-ez-000020002.h5"...
run 0 finished at t = 100.01 (20002 timesteps)
creating output file "./test-refl-flux.h5"...
flux1:, 1.25, 1.4722550526674081e-07, 1.4719610212747683e-07
flux1:, 1.2531328320802004, 1.6331634713972292e-07, 1.6328386649924682e-07
flux1:, 1.256265664160401, 1.8107273147374105e-07, 1.810376765358089e-07
flux1:, 1.2593984962406015, 2.0065646107568e-07, 2.006197195363022e-07
flux1:, 1.262531328320802, 2.222442679931036e-07, 2.2220670255139751e-07
flux1:, 1.2656641604010026, 2.460288665664739e-07, 2.4599108880300573e-07
flux1:, 1.268796992481203, 2.722198824706709e-07, 2.721826617607994e-07
flux1:, 1.2719298245614035, 3.0104558017929387e-07, 3.01009705251281e-07
flux1:, 1.275062656641604, 3.327545763457629e-07, 3.327203262432882e-07
flux1:, 1.2781954887218046, 3.6761691105853694e-07, 3.6758437467467233e-07
flux1:, 1.281328320802005, 4.0592568636607727e-07, 4.058950974966048e-07
flux1:, 1.2844611528822054, 4.4799942123316954e-07, 4.479706087049398e-07
flux1:, 1.287593984962406, 4.941837369729676e-07, 4.941560948469333e-07
flux1:, 1.2907268170426065, 5.448528777919854e-07, 5.448260862213897e-07
flux1:, 1.293859649122807, 6.004123856428445e-07, 6.003862374787897e-07
flux1:, 1.2969924812030076, 6.613017812409108e-07, 6.612757353998183e-07
flux1:, 1.300125313283208, 7.279963556246747e-07, 7.279702311485573e-07
flux1:, 1.3032581453634084, 8.010097795948642e-07, 8.009841490499172e-07
flux1:, 1.306390977443609, 8.808977438395384e-07, 8.808732516588703e-07
flux1:, 1.3095238095238095, 9.682606695762503e-07, 9.682381706977738e-07
flux1:, 1.31265664160401, 1.0637461870298033e-06, 1.0637274998711164e-06
flux1:, 1.3157894736842106, 1.1680532291724722e-06, 1.1680406133565267e-06
flux1:, 1.318922305764411, 1.281936125434403e-06, 1.2819316705904504e-06
flux1:, 1.3220551378446115, 1.4062074284904353e-06, 1.406213698277721e-06
flux1:, 1.3251879699248121, 1.541741850375976e-06, 1.541761889220356e-06
flux1:, 1.3283208020050126, 1.689481602651289e-06, 1.6895179099465497e-06
flux1:, 1.331453634085213, 1.8504404047423383e-06, 1.8504950084749953e-06
flux1:, 1.3345864661654134, 2.0257071235236278e-06, 2.025782115261442e-06
flux1:, 1.337719298245614, 2.2164516118741725e-06, 2.2165483663901885e-06
flux1:, 1.3408521303258145, 2.423930512890661e-06, 2.424049123792716e-06
flux1:, 1.343984962406015, 2.6494912762903463e-06, 2.6496312598589863e-06
flux1:, 1.3471177944862156, 2.8945776742241434e-06, 2.894738010598306e-06
flux1:, 1.350250626566416, 3.160737235547897e-06, 3.1609156583803465e-06
flux1:, 1.3533834586466165, 3.4496268366951213e-06, 3.4498202555178055e-06
flux1:, 1.3565162907268171, 3.7630177711807013e-06, 3.7632230935075405e-06
flux1:, 1.3596491228070176, 4.102803827987723e-06, 4.10301771969961e-06
flux1:, 1.362781954887218, 4.471009324735099e-06, 4.471228105477794e-06
flux1:, 1.3659147869674186, 4.869794686172818e-06, 4.870015188355187e-06
flux1:, 1.369047619047619, 5.3014640433055215e-06, 5.301684044894876e-06
flux1:, 1.3721804511278195, 5.768475420741435e-06, 5.768693273824384e-06
flux1:, 1.37531328320802, 6.27344837780037e-06, 6.273663123928823e-06
flux1:, 1.3784461152882206, 6.819170868443847e-06, 6.819382903892882e-06
flux1:, 1.381578947368421, 7.408610087948224e-06, 7.408821087764195e-06
flux1:, 1.3847117794486214, 8.04492315862995e-06, 8.045135306677572e-06
flux1:, 1.387844611528822, 8.73146436724294e-06, 8.731680328889456e-06
flux1:, 1.3909774436090225, 9.471794962013677e-06, 9.472018298020161e-06
flux1:, 1.394110275689223, 1.0269696266992136e-05, 1.0269930516475417e-05
flux1:, 1.3972431077694236, 1.112917919910495e-05, 1.1129426605465658e-05
flux1:, 1.400375939849624, 1.205449253244661e-05, 1.2054754511676126e-05
flux1:, 1.4035087719298245, 1.3050136296047465e-05, 1.3050413615744967e-05
flux1:, 1.4066416040100251, 1.412087477235335e-05, 1.4121165698457231e-05
flux1:, 1.4097744360902256, 1.527174470165057e-05, 1.5272044677558303e-05
flux1:, 1.412907268170426, 1.6508066696520508e-05, 1.6508370143710673e-05
flux1:, 1.4160401002506267, 1.7835460900748283e-05, 1.7835760398267143e-05
flux1:, 1.419172932330827, 1.9259857724366623e-05, 1.926014228531974e-05
flux1:, 1.4223057644110275, 2.0787506751380864e-05, 2.078776416185631e-05
flux1:, 1.4254385964912282, 2.2424992281071042e-05, 2.2425210781402596e-05
flux1:, 1.4285714285714286, 2.4179248213936187e-05, 2.4179413989164808e-05
flux1:, 1.431704260651629, 2.6057566467066645e-05, 2.605766443147761e-05
flux1:, 1.4348370927318297, 2.8067609426594517e-05, 2.8067627414756868e-05
flux1:, 1.4379699248120301, 3.02174277974489e-05, 3.0217355182946672e-05
flux1:, 1.4411027568922306, 3.251547180340812e-05, 3.2515297114073615e-05
flux1:, 1.444235588972431, 3.497059973299136e-05, 3.4970315064901196e-05
flux1:, 1.4473684210526316, 3.75920948571104e-05, 3.759169746178111e-05
flux1:, 1.450501253132832, 4.0389681192849777e-05, 4.0389168381499034e-05
flux1:, 1.4536340852130325, 4.337353048380461e-05, 4.3372900815783916e-05
flux1:, 1.4567669172932332, 4.655427400353092e-05, 4.6553532111235695e-05
flux1:, 1.4598997493734336, 4.994302094120208e-05, 4.994217288260462e-05
flux1:, 1.463032581453634, 5.355136774480886e-05, 5.355041701669517e-05
flux1:, 1.4661654135338344, 5.739140354449431e-05, 5.7390357017936764e-05
flux1:, 1.469298245614035, 6.147572589238196e-05, 6.147459359740879e-05
flux1:, 1.4724310776942355, 6.581745457670482e-05, 6.581624189744371e-05
flux1:, 1.475563909774436, 7.043023368950472e-05, 7.042894449718584e-05
flux1:, 1.4786967418546366, 7.532823942543166e-05, 7.532688191418963e-05
flux1:, 1.481829573934837, 8.052619592922442e-05, 8.052477554285108e-05
flux1:, 1.4849624060150375, 8.60393792374424e-05, 8.603789603581311e-05
flux1:, 1.4880952380952381, 9.188361585585133e-05, 9.188207397811015e-05
flux1:, 1.4912280701754386, 9.807529417032036e-05, 9.807370077434259e-05
flux1:, 1.494360902255639, 0.00010463137317011732, 0.00010462973064581154
flux1:, 1.4974937343358397, 0.00011156937599635208, 0.0001115676893657695
flux1:, 1.50062656641604, 0.00011890739047040287, 0.00011890567422146163
flux1:, 1.5037593984962405, 0.00012666407957856598, 0.00012666234890578964
flux1:, 1.5068922305764412, 0.0001348586766868857, 0.00013485694724216316
flux1:, 1.5100250626566416, 0.000143510973671795, 0.00014350927263728002
flux1:, 1.513157894736842, 0.00015264132487374088, 0.00015263968665825818
flux1:, 1.5162907268170427, 0.00016227064737035316, 0.00016226910470328333
flux1:, 1.5194235588972431, 0.00017242040182798013, 0.0001724189940261278
flux1:, 1.5225563909774436, 0.000183112581629487, 0.00018311135779929696
flux1:, 1.5256892230576442, 0.0001943697140284417, 0.00019436872044708924
flux1:, 1.5288220551378446, 0.00020621484183325296, 0.0002062141215257545
flux1:, 1.531954887218045, 0.00021867149576982857, 0.00021867109704186546
flux1:, 1.5350877192982457, 0.00023176368606093108, 0.0002317636537722908
flux1:, 1.5382205513784462, 0.0002455158890932645, 0.0002455162551920859
flux1:, 1.5413533834586466, 0.00025995300967611646, 0.00025995380100695694
flux1:, 1.5444862155388472, 0.00027510035321394704, 0.0002751015919460528
flux1:, 1.5476190476190477, 0.00029098361258072115, 0.0002909853040611751
flux1:, 1.550751879699248, 0.00030762883097194756, 0.0003076309656655513
flux1:, 1.5538847117794485, 0.0003250623532767769, 0.0003250649154688948
flux1:, 1.557017543859649, 0.00034331080118156477, 0.0003433137626994765
flux1:, 1.5601503759398496, 0.0003624010425850917, 0.0003624043583919125
flux1:, 1.56328320802005, 0.0003823601315108293, 0.00038236374986006595
flux1:, 1.5664160401002505, 0.0004032152605322834, 0.0004032191264585013
flux1:, 1.5695488721804511, 0.0004249937317110603, 0.00042499778093479853
flux1:, 1.5726817042606516, 0.0004477228989527189, 0.00044772706228687594
flux1:, 1.575814536340852, 0.0004714300970040377, 0.0004714343099177343
flux1:, 1.5789473684210527, 0.0004961425998897132, 0.0004961468010184033
flux1:, 1.582080200501253, 0.0005218875732290506, 0.0005218917015584817
flux1:, 1.5852130325814535, 0.0005486919915732494, 0.0005486959934357979
flux1:, 1.5883458646616542, 0.0005765825714471037, 0.0005765864054706595
flux1:, 1.5914786967418546, 0.000605585727410543, 0.0006055893595128452
flux1:, 1.594611528822055, 0.000635727494485123, 0.0006357308955055122
flux1:, 1.5977443609022557, 0.0006670334351529414, 0.000667036586931002
flux1:, 1.6008771929824561, 0.0006995285823060131, 0.0006995314775922961
flux1:, 1.6040100250626566, 0.0007332373757135414, 0.0007332400083122115
flux1:, 1.6071428571428572, 0.0007681835575259986, 0.0007681859214519657
flux1:, 1.6102756892230576, 0.0008043900873169404, 0.0008043921842493345
flux1:, 1.613408521303258, 0.0008418790855841474, 0.0008418809178825841
flux1:, 1.6165413533834587, 0.0008806717385262327, 0.0008806732980083124
flux1:, 1.6196741854636592, 0.0009207881857439577, 0.0009207894626832439
flux1:, 1.6228070175438596, 0.0009622474519297105, 0.0009622484410914185
flux1:, 1.6259398496240602, 0.0010050673726344742, 0.0010050680574870277
flux1:, 1.6290726817042607, 0.001049264473503592, 0.001049264825922242
flux1:, 1.632205513784461, 0.00109485387435914, 0.001094853874154288
flux1:, 1.6353383458646618, 0.0011418492288743014, 0.0011418488567425773
flux1:, 1.6384711779448622, 0.001190262621083063, 0.0011902618433968473
flux1:, 1.6416040100250626, 0.001240104444063625, 0.0012401032338704883
flux1:, 1.6447368421052633, 0.00129138333233618, 0.0012913816820267789
flux1:, 1.6478696741854637, 0.0013441060898113256, 0.001344103987350793
flux1:, 1.6510025062656641, 0.001398277565841678, 0.001398274999242207
flux1:, 1.6541353383458646, 0.0014539005623409869, 0.0014538975495301599
flux1:, 1.657268170426065, 0.0015109757845300446, 0.0015109723570625256
flux1:, 1.6604010025062657, 0.0015695017439007943, 0.0015694979248683496
flux1:, 1.663533834586466, 0.0016294746425140985, 0.0016294704762185902
flux1:, 1.6666666666666665, 0.0016908883212731387, 0.0016908838798642982
flux1:, 1.6697994987468672, 0.001753734205117721, 0.001753729548824427
flux1:, 1.6729323308270676, 0.0018180011903140853, 0.0018179963751813102
flux1:, 1.676065162907268, 0.00188367556910092, 0.001883670678386711
flux1:, 1.6791979949874687, 0.0019507410062194835, 0.001950736117415835
flux1:, 1.6823308270676691, 0.002019178462615604, 0.002019173622439105
flux1:, 1.6854636591478696, 0.0020889660994642765, 0.0020889613631020487
flux1:, 1.6885964912280702, 0.002160079256963137, 0.0021600746858644595
flux1:, 1.6917293233082706, 0.0022324904316427755, 0.002232486046457635
flux1:, 1.694862155388471, 0.0023061691897586626, 0.002306164991828574
flux1:, 1.6979949874686717, 0.002381082124904363, 0.0023810781311535295
flux1:, 1.7011278195488722, 0.0024571928765124477, 0.0024571890788412888
flux1:, 1.7042606516290726, 0.0025344620907593947, 0.002534458443561563
flux1:, 1.7073934837092732, 0.0026128473611342806, 0.0026128438348372697
flux1:, 1.7105263157894737, 0.00269230325518933, 0.0026922998294575205
flux1:, 1.713659147869674, 0.002772781341683582, 0.0027727779642195537
flux1:, 1.7167919799498748, 0.00285423014766492, 0.0028542267731457775
flux1:, 1.7199248120300752, 0.002936595166536238, 0.0029365917897950897
flux1:, 1.7230576441102756, 0.003019818935713228, 0.003019815546757168
flux1:, 1.7261904761904763, 0.0031038410511586094, 0.003103837634376931
flux1:, 1.7293233082706767, 0.0031885981598907083, 0.0031885947470234
flux1:, 1.7324561403508771, 0.0032740240488680493, 0.0032740206987371522
flux1:, 1.7355889724310778, 0.0033600497346874996, 0.0033600464937045397
flux1:, 1.7387218045112782, 0.0034466034753922225, 0.003446600416477012
flux1:, 1.7418546365914787, 0.0035336108381037127, 0.0035336080763781327
flux1:, 1.7449874686716793, 0.0036209948429614942, 0.003620992483470017
flux1:, 1.7481203007518797, 0.003708676036532589, 0.003708674174535087
flux1:, 1.7512531328320802, 0.003796572539544937, 0.003796571298041545
flux1:, 1.7543859649122808, 0.003884600199115612, 0.0038845996964528154
flux1:, 1.757518796992481, 0.0039726727404858575, 0.003972673054816795
flux1:, 1.7606516290726817, 0.0040607018316597115, 0.0040607030326811145
flux1:, 1.7637844611528821, 0.004148597207111786, 0.004148599360610065
flux1:, 1.7669172932330826, 0.004236266873067918, 0.004236269997441337
flux1:, 1.7700501253132832, 0.004323617234123633, 0.004323621306234457
flux1:, 1.7731829573934836, 0.004410553189763239, 0.0044105581763609365
flux1:, 1.776315789473684, 0.004496978342300366, 0.004496984179478259
flux1:, 1.7794486215538847, 0.004582795202426174, 0.0045828017774026545
flux1:, 1.7825814536340852, 0.004667905298265379, 0.004667912480104407
flux1:, 1.7857142857142856, 0.004752209345778487, 0.004752216998483077
flux1:, 1.7888471177944862, 0.004835607504855993, 0.00483561546662814
flux1:, 1.7919799498746867, 0.004917999548264757, 0.004918007640016784
flux1:, 1.795112781954887, 0.004999284995212991, 0.004999293051132128
flux1:, 1.7982456140350878, 0.0050793633613630835, 0.005079371228027238
flux1:, 1.8013784461152882, 0.005158134403187322, 0.005158141926991564
flux1:, 1.8045112781954886, 0.005235498255503129, 0.005235505301126986
flux1:, 1.8076441102756893, 0.0053113556303832615, 0.005311362102018956
flux1:, 1.8107769423558897, 0.005385608103352927, 0.005385613931376405
flux1:, 1.8139097744360901, 0.005458158302606614, 0.005458163431838405
flux1:, 1.8170426065162908, 0.00552891005578993, 0.0055289144677321414
flux1:, 1.8201754385964912, 0.00559776865527701, 0.005597772374812504
flux1:, 1.8233082706766917, 0.005664641112697897, 0.005664644176338825
flux1:, 1.8264411027568923, 0.005729436295481382, 0.005729438748070709
flux1:, 1.8295739348370927, 0.005792065122718908, 0.005792067045341416
flux1:, 1.8327067669172932, 0.005852440847923625, 0.00585244233719646
flux1:, 1.8358395989974938, 0.005910479234966809, 0.005910480365725148
flux1:, 1.8389724310776943, 0.0059660986843094056, 0.0059660995357120805
flux1:, 1.8421052631578947, 0.006019220478452958, 0.006019221149851291
flux1:, 1.8452380952380953, 0.006069769011779147, 0.006069769572093905
flux1:, 1.8483709273182956, 0.006117671892832563, 0.006117672375634935
flux1:, 1.8515037593984962, 0.006162860103989782, 0.0061628605571964696
flux1:, 1.8546365914786969, 0.006205268247683607, 0.006205268708081843
flux1:, 1.857769423558897, 0.006244834678214878, 0.006244835126620777
flux1:, 1.8609022556390977, 0.0062815015783225835, 0.006281501990556418
flux1:, 1.8640350877192982, 0.006315215155696755, 0.006315215529350815
flux1:, 1.8671679197994986, 0.006345925820528354, 0.006345926113084251
flux1:, 1.8703007518796992, 0.006373588228523301, 0.006373588369086792
flux1:, 1.8734335839598997, 0.006398161379896363, 0.006398161339482847
flux1:, 1.8765664160401, 0.006419608804695528, 0.006419608558593795
flux1:, 1.8796992481203008, 0.00643789862834887, 0.006437898111528998
flux1:, 1.8828320802005012, 0.00645300357788923, 0.006453002756474071
flux1:, 1.8859649122807016, 0.0064649011082441275, 0.006464899996896758
flux1:, 1.8890977443609023, 0.006473573507091683, 0.0064735720911558705
flux1:, 1.8922305764411027, 0.006479007860500583, 0.006479006120838724
flux1:, 1.8953634085213031, 0.006481196073140122, 0.006481194054189382
flux1:, 1.8984962406015038, 0.006480134974395211, 0.006480132722255067
flux1:, 1.9016290726817042, 0.006475826301661539, 0.006475823822401371
flux1:, 1.9047619047619047, 0.006468276622013571, 0.006468273960047764
flux1:, 1.9078947368421053, 0.006457497373888393, 0.006457494607031435
flux1:, 1.9110275689223057, 0.006443504886637261, 0.006443502041555203
flux1:, 1.9141604010025062, 0.006426320259550028, 0.006426317351023952
flux1:, 1.9172932330827068, 0.006405969295357474, 0.006405966382655696
flux1:, 1.9204260651629073, 0.0063824825203216895, 0.0063824796327165865
flux1:, 1.9235588972431077, 0.0063558950823011115, 0.006355892195471233
flux1:, 1.9266917293233083, 0.006326246588120425, 0.006326243706271334
flux1:, 1.9298245614035088, 0.006293581062013472, 0.00629357819942211
flux1:, 1.9329573934837092, 0.006257946884132074, 0.0062579439962455775
flux1:, 1.9360902255639099, 0.0062193965914978085, 0.006219393631500687
flux1:, 1.9392230576441103, 0.006177986735208395, 0.006177983699135347
flux1:, 1.9423558897243107, 0.006133777826226599, 0.00613377468425587
flux1:, 1.9454887218045114, 0.006086834163626053, 0.006086830859371411
flux1:, 1.9486215538847116, 0.006037223605799711, 0.006037220131280281
flux1:, 1.9517543859649122, 0.0059850174640845456, 0.0059850138329046705
flux1:, 1.954887218045113, 0.005930290380378654, 0.005930286577888543
flux1:, 1.958020050125313, 0.005873120073075313, 0.005873116111939269
flux1:, 1.9611528822055138, 0.005813587141362591, 0.005813583086431825
flux1:, 1.9642857142857142, 0.005751774959835215, 0.005751770867374092
flux1:, 1.9674185463659146, 0.0056877694620276675, 0.005687765384995883
flux1:, 1.9705513784461153, 0.005621658871708025, 0.005621654910228423
flux1:, 1.9736842105263157, 0.005553533556848514, 0.005553529824945979
flux1:, 1.9768170426065161, 0.00548348587196261, 0.005483482458836757
flux1:, 1.9799498746867168, 0.0054116098764245306, 0.0054116068833492785
flux1:, 1.9830827067669172, 0.005338001112856169, 0.005337998660238326
flux1:, 1.9862155388471177, 0.005262756476816718, 0.00526275465623241
flux1:, 1.9893483709273183, 0.005185973983474456, 0.0051859728589616905
flux1:, 1.9924812030075187, 0.005107752487813293, 0.0051077521258021666
flux1:, 1.9956140350877192, 0.005028191526892054, 0.005028191973510073
flux1:, 1.9987468671679198, 0.00494739115544254, 0.004947392410926179
flux1:, 2.0018796992481205, 0.0048654516669600295, 0.004865453708542676
flux1:, 2.0050125313283207, 0.004782473376433839, 0.004782476169858756
flux1:, 2.0081453634085213, 0.004698556494844995, 0.0046985599705400664
flux1:, 2.011278195488722, 0.004613800910097491, 0.004613804962202296
flux1:, 2.014411027568922, 0.004528305927996188, 0.0045283104410479575
flux1:, 2.017543859649123, 0.004442170133473603, 0.004442174984081722
flux1:, 2.0206766917293235, 0.004355491250023791, 0.004355496290598049
flux1:, 2.0238095238095237, 0.004268365894899177, 0.00426837096768085
flux1:, 2.0269423558897244, 0.004180889396344619, 0.0041808943598169186
flux1:, 2.030075187969925, 0.004093155701312384, 0.004093160422040421
flux1:, 2.0332080200501252, 0.004005257198821624, 0.004005261539729229
flux1:, 2.036340852130326, 0.003917284508907665, 0.00391728835624663
flux1:, 2.0394736842105265, 0.0038293263874065783, 0.0038293296664899004
flux1:, 2.0426065162907268, 0.0037414696320751447, 0.003741472281433642
flux1:, 2.0457393483709274, 0.0036537988937479643, 0.0036538008659940924
flux1:, 2.0488721804511276, 0.00356639654745448, 0.0035663978423183867
flux1:, 2.0520050125313283, 0.0034793426499534455, 0.0034793433000506
flux1:, 2.055137844611529, 0.0033927148206902183, 0.0033927148599632567
flux1:, 2.058270676691729, 0.003306588092147112, 0.003306587581382374
flux1:, 2.06140350877193, 0.0032210348688054558, 0.003221033910363165
flux1:, 2.06453634085213, 0.003136124888654449, 0.0031361235823458215
flux1:, 2.0676691729323307, 0.003051925097905097, 0.0030519235353773182
flux1:, 2.0708020050125313, 0.0029684995816104337, 0.0029684978835366094
flux1:, 2.0739348370927315, 0.0028859095746041983, 0.002885907865332468
flux1:, 2.077067669172932, 0.002804213402750217, 0.0028042117709662848
flux1:, 2.080200501253133, 0.002723466396401942, 0.0027234649288913827
flux1:, 2.083333333333333, 0.0026437209035998, 0.0026437196982248496
flux1:, 2.0864661654135337, 0.002565026306019711, 0.0025650254212710825
flux1:, 2.0895989974937343, 0.0024874289558365964, 0.002487428415783699
flux1:, 2.0927318295739346, 0.002410972163394864, 0.0024109720020717524
flux1:, 2.095864661654135, 0.0023356962579316747, 0.00233569649004571
flux1:, 2.098997493734336, 0.0022616385849672602, 0.0022616391762983537
flux1:, 2.102130325814536, 0.002188833478046623, 0.0021888343925235425
flux1:, 2.1052631578947367, 0.0021173123201899805, 0.002117313530678923
flux1:, 2.1083959899749374, 0.002047103607379743, 0.0020471050498647304
flux1:, 2.1115288220551376, 0.0019782329399673656, 0.00197823453341774
flux1:, 2.1146616541353382, 0.0019107230587287923, 0.0019107247486741662
flux1:, 2.117794486215539, 0.0018445939455433774, 0.0018445956714295121
flux1:, 2.120927318295739, 0.0017798628661345344, 0.0017798645435244736
flux1:, 2.1240601503759398, 0.0017165443883254631, 0.0017165459575231592
flux1:, 2.1271929824561404, 0.0016546504788664124, 0.0016546519051488236
flux1:, 2.1303258145363406, 0.0015941906005493044, 0.0015941918331536403
flux1:, 2.1334586466165413, 0.0015351717433130497, 0.0015351727401415143
flux1:, 2.136591478696742, 0.0014775984930139288, 0.0014775992507749306
flux1:, 2.139724310776942, 0.0014214731556411802, 0.0014214736730017022
flux1:, 2.142857142857143, 0.0013667958282576455, 0.0013667960952562746
flux1:, 2.1459899749373434, 0.0013135644460835593, 0.0013135644825257142
flux1:, 2.1491228070175437, 0.001261774896804, 0.0012617747406748776
flux1:, 2.1522556390977443, 0.0012114211331403757, 0.0012114208064578328
flux1:, 2.155388471177945, 0.0011624952252339063, 0.0011624947567455135
flux1:, 2.158521303258145, 0.0011149874439203584, 0.0011149868848501152
flux1:, 2.161654135338346, 0.0010688863906466043, 0.0010688857811563311
flux1:, 2.1647869674185465, 0.0010241790788571117, 0.0010241784446197236
flux1:, 2.1679197994987467, 0.000980850992509376, 0.0009808503724118966
flux1:, 2.1710526315789473, 0.0009388862013136187, 0.0009388856336296011
flux1:, 2.174185463659148, 0.0008982674727642242, 0.0008982669733295625
flux1:, 2.177318295739348, 0.0008589763301021736, 0.0008589759123441213
flux1:, 2.180451127819549, 0.0008209931352943767, 0.0008209928189611545
flux1:, 2.1835839598997495, 0.0007842972108445872, 0.0007842969995420238
flux1:, 2.1867167919799497, 0.0007488669181452616, 0.000748866801733986
flux1:, 2.1898496240601504, 0.0007146797144849256, 0.0007146796885502829
flux1:, 2.192982456140351, 0.0006817122574294792, 0.0006817123142858047
flux1:, 2.1961152882205512, 0.0006499405051164846, 0.000649940622826935
flux1:, 2.199248120300752, 0.0006193397687296943, 0.0006193399258016532
flux1:, 2.2023809523809526, 0.0005898847849895965, 0.0005898849664143253
flux1:, 2.2055137844611528, 0.0005615498206201074, 0.0005615500056659172
flux1:, 2.2086466165413534, 0.0005343087385002106, 0.0005343089027348127
flux1:, 2.211779448621554, 0.0005081350443279382, 0.0005081351713920727
flux1:, 2.2149122807017543, 0.000483001972414317, 0.0004830020501315807
flux1:, 2.218045112781955, 0.0004588825669704613, 0.00045888258017484304
flux1:, 2.2211779448621556, 0.00043574972175875045, 0.0004357496588366609
flux1:, 2.224310776942356, 0.0004135762356133772, 0.0004135760934071647
flux1:, 2.2274436090225564, 0.00039233489408701725, 0.000392334671081982
flux1:, 2.230576441102757, 0.0003719985179412421, 0.00037199821148476857
flux1:, 2.2337092731829573, 0.0003525399943499773, 0.00035253960725561354
flux1:, 2.236842105263158, 0.000333932340246864, 0.00033393188111687194
flux1:, 2.2399749373433586, 0.00031614876129190005, 0.000316148236967926
flux1:, 2.243107769423559, 0.0002991626753504951, 0.00029916209167421857
flux1:, 2.2462406015037595, 0.0002829477486685238, 0.00028294711697538497
flux1:, 2.2493734335839597, 0.00026747795345321743, 0.0002674772863852092
flux1:, 2.2525062656641603, 0.0002527275974826207, 0.0002527269023989249
flux1:, 2.2556390977443606, 0.00023867133897069933, 0.00023867062393160543
flux1:, 2.2587719298245617, 0.00022528422787167042, 0.00022528350541095907
flux1:, 2.261904761904762, 0.00021254174342156079, 0.0002125410218897352
flux1:, 2.265037593984962, 0.00020041980216349009, 0.00020041908504458064
flux1:, 2.268170426065163, 0.0001888947763321924, 0.00018889407150768714
flux1:, 2.2713032581453634, 0.00017794352988819795, 0.00017794284612550202
flux1:, 2.2744360902255636, 0.00016754343155304057, 0.00016754277060886311
flux1:, 2.2775689223057642, 0.00015767235571840024, 0.0001576717199701859
flux1:, 2.280701754385965, 0.0001483087051054638, 0.0001483081024101932
flux1:, 2.283834586466165, 0.0001394314304844935, 0.00013943086437794564
flux1:, 2.2869674185463658, 0.00013102002636824057, 0.00013101949616606037
flux1:, 2.2901002506265664, 0.000123054535263084, 0.00012305404620456873
flux1:, 2.2932330827067666, 0.00011551556648943382, 0.00011551512488855674
flux1:, 2.2963659147869673, 0.00010838429649873553, 0.00010838390206359886
flux1:, 2.299498746867168, 0.00010164245950332103, 0.00010164211393621357
flux1:, 2.302631578947368, 9.527235593975776e-05, 9.527206624104847e-05
flux1:, 2.305764411027569, 8.9256858818083e-05, 8.925662702432923e-05
flux1:, 2.3088972431077694, 8.357940089572683e-05, 8.357922564642924e-05
flux1:, 2.3120300751879697, 7.822396897536723e-05, 7.822385444809911e-05
flux1:, 2.3151629072681703, 7.317511022048326e-05, 7.317505987213957e-05
flux1:, 2.318295739348371, 6.841792390380559e-05, 6.841793456318535e-05
flux1:, 2.321428571428571, 6.393804564808672e-05, 6.393811610119245e-05
flux1:, 2.324561403508772, 5.9721646244261276e-05, 5.972177837870709e-05
flux1:, 2.3276942355889725, 5.5755429121751714e-05, 5.5755618963986636e-05
flux1:, 2.3308270676691727, 5.2026612830282614e-05, 5.202685373216101e-05
flux1:, 2.3339598997493733, 4.852291949726494e-05, 4.852320903652878e-05
flux1:, 2.337092731829574, 4.523257318949748e-05, 4.523290691283421e-05
flux1:, 2.340225563909774, 4.214428705871659e-05, 4.2144655300293895e-05
flux1:, 2.343358395989975, 3.924724484670548e-05, 3.9247640449759136e-05
flux1:, 2.3464912280701755, 3.653109424788643e-05, 3.653151219811702e-05
flux1:, 2.3496240601503757, 3.398593955762569e-05, 3.398637051552188e-05
flux1:, 2.3527568922305764, 3.1602322819186706e-05, 3.1602757117544555e-05
flux1:, 2.355889724310777, 2.937120996717669e-05, 2.9371642170233222e-05
flux1:, 2.3590225563909772, 2.728398507084862e-05, 2.7284408686345357e-05
flux1:, 2.362155388471178, 2.533243608845898e-05, 2.5332842468718252e-05
flux1:, 2.3652882205513786, 2.350873647144099e-05, 2.3509120583521797e-05
flux1:, 2.3684210526315788, 2.1805436305117187e-05, 2.1805795380729187e-05
flux1:, 2.3715538847117794, 2.0215453172710914e-05, 2.0215782483609793e-05
flux1:, 2.37468671679198, 1.873205430660846e-05, 1.8732350560927868e-05
flux1:, 2.3778195488721803, 1.7348842846807017e-05, 1.7349106459520127e-05
flux1:, 2.380952380952381, 1.6059750624266387e-05, 1.6059981664902002e-05
flux1:, 2.3840852130325816, 1.4859024593600647e-05, 1.4859222548743251e-05
flux1:, 2.387218045112782, 1.3741210247238903e-05, 1.3741377463939323e-05
flux1:, 2.3903508771929824, 1.2701142586467057e-05, 1.2701282633529476e-05
flux1:, 2.393483709273183, 1.1733937082200911e-05, 1.1734052157455306e-05
flux1:, 2.3966165413533833, 1.0834974108411338e-05, 1.0835067196700053e-05
flux1:, 2.399749373433584, 9.999886689689187e-06, 9.999962412059847e-06
flux1:, 2.4028822055137846, 9.224553425258725e-06, 9.224615422136988e-06
flux1:, 2.406015037593985, 8.50508671850252e-06, 8.505137641933737e-06
flux1:, 2.4091478696741855, 7.837818840826682e-06, 7.837862183787126e-06
flux1:, 2.412280701754386, 7.2192939025162985e-06, 7.219332945022167e-06
flux1:, 2.4154135338345863, 6.646259966602934e-06, 6.646296424166068e-06
flux1:, 2.418546365914787, 6.115656332337471e-06, 6.115691553734331e-06
flux1:, 2.4216791979949877, 5.62460345112816e-06, 5.624638959613342e-06
flux1:, 2.424812030075188, 5.1703968902069336e-06, 5.17043316041447e-06
flux1:, 2.4279448621553885, 4.750497866503961e-06, 4.750534314256584e-06
flux1:, 2.431077694235589, 4.362522245144589e-06, 4.362558307934445e-06
flux1:, 2.4342105263157894, 4.004234087514969e-06, 4.004269033537344e-06
flux1:, 2.4373433583959896, 3.6735394082722507e-06, 3.6735716625905185e-06
flux1:, 2.4404761904761907, 3.368476389350924e-06, 3.3685040862712164e-06
flux1:, 2.443609022556391, 3.087207639676934e-06, 3.087229299286774e-06
flux1:, 2.446741854636591, 2.8280155601182966e-06, 2.8280296623694293e-06
flux1:, 2.449874686716792, 2.5892952149555016e-06, 2.589299923167433e-06
flux1:, 2.4530075187969924, 2.3695461102845596e-06, 2.369539986693802e-06
flux1:, 2.4561403508771926, 2.16736740963077e-06, 2.167349694179372e-06
flux1:, 2.4592731829573937, 1.981453355958287e-06, 1.981423339724648e-06
flux1:, 2.462406015037594, 1.8105861030154147e-06, 1.810543192301377e-06
flux1:, 2.465538847117794, 1.6536300911085148e-06, 1.653574523843695e-06
flux1:, 2.4686716791979952, 1.5095287517555342e-06, 1.509461306524909e-06
flux1:, 2.4718045112781954, 1.3772994001832404e-06, 1.3772207702517256e-06
flux1:, 2.4749373433583957, 1.256027339397684e-06, 1.2559386445209675e-06
flux1:, 2.4780701754385963, 1.144862509990056e-06, 1.144765632965884e-06
flux1:, 2.481203007518797, 1.0430163118276247e-06, 1.042913106755531e-06
flux1:, 2.484335839598997, 9.497565390465251e-07, 9.496486944204226e-07
flux1:, 2.487468671679198, 8.644034529375834e-07, 8.642931837679478e-07
flux1:, 2.4906015037593985, 7.863275688237034e-07, 7.86217255276421e-07
flux1:, 2.4937343358395987, 7.149461328348729e-07, 7.148376164510607e-07
flux1:, 2.4968671679197993, 6.497190291510546e-07, 6.496141236581842e-07
flux1:, 2.5, 5.901465435177851e-07, 5.900473212516959e-07

Elapsed run time = 308.5304 s
